Determining if the function pcap_get_pfring_id exists failed with the following output:
Change Dir: /home/alireza/UT/mahsan/packet-detector-pcap/build/CMakeFiles/CMakeTmp

Run Build Command:"/usr/bin/make" "cmTC_8e3b2/fast"
/usr/bin/make -f CMakeFiles/cmTC_8e3b2.dir/build.make CMakeFiles/cmTC_8e3b2.dir/build
make[1]: Entering directory '/home/alireza/UT/mahsan/packet-detector-pcap/build/CMakeFiles/CMakeTmp'
Building C object CMakeFiles/cmTC_8e3b2.dir/CheckFunctionExists.c.o
/usr/bin/cc   -DCHECK_FUNCTION_EXISTS=pcap_get_pfring_id   -o CMakeFiles/cmTC_8e3b2.dir/CheckFunctionExists.c.o   -c /usr/share/cmake-3.10/Modules/CheckFunctionExists.c
Linking C executable cmTC_8e3b2
/usr/bin/cmake -E cmake_link_script CMakeFiles/cmTC_8e3b2.dir/link.txt --verbose=1
/usr/bin/cc  -DCHECK_FUNCTION_EXISTS=pcap_get_pfring_id    CMakeFiles/cmTC_8e3b2.dir/CheckFunctionExists.c.o  -o cmTC_8e3b2 /usr/lib/x86_64-linux-gnu/libpcap.so 
CMakeFiles/cmTC_8e3b2.dir/CheckFunctionExists.c.o: In function `main':
CheckFunctionExists.c:(.text+0x10): undefined reference to `pcap_get_pfring_id'
collect2: error: ld returned 1 exit status
CMakeFiles/cmTC_8e3b2.dir/build.make:98: recipe for target 'cmTC_8e3b2' failed
make[1]: *** [cmTC_8e3b2] Error 1
make[1]: Leaving directory '/home/alireza/UT/mahsan/packet-detector-pcap/build/CMakeFiles/CMakeTmp'
Makefile:126: recipe for target 'cmTC_8e3b2/fast' failed
make: *** [cmTC_8e3b2/fast] Error 2


Determining if the pthread_create exist failed with the following output:
Change Dir: /home/alireza/UT/mahsan/packet-detector-pcap/build/CMakeFiles/CMakeTmp

Run Build Command:"/usr/bin/make" "cmTC_97ab8/fast"
/usr/bin/make -f CMakeFiles/cmTC_97ab8.dir/build.make CMakeFiles/cmTC_97ab8.dir/build
make[1]: Entering directory '/home/alireza/UT/mahsan/packet-detector-pcap/build/CMakeFiles/CMakeTmp'
Building C object CMakeFiles/cmTC_97ab8.dir/CheckSymbolExists.c.o
/usr/bin/cc    -o CMakeFiles/cmTC_97ab8.dir/CheckSymbolExists.c.o   -c /home/alireza/UT/mahsan/packet-detector-pcap/build/CMakeFiles/CMakeTmp/CheckSymbolExists.c
Linking C executable cmTC_97ab8
/usr/bin/cmake -E cmake_link_script CMakeFiles/cmTC_97ab8.dir/link.txt --verbose=1
/usr/bin/cc      CMakeFiles/cmTC_97ab8.dir/CheckSymbolExists.c.o  -o cmTC_97ab8 
CMakeFiles/cmTC_97ab8.dir/CheckSymbolExists.c.o: In function `main':
CheckSymbolExists.c:(.text+0x1b): undefined reference to `pthread_create'
collect2: error: ld returned 1 exit status
CMakeFiles/cmTC_97ab8.dir/build.make:97: recipe for target 'cmTC_97ab8' failed
make[1]: *** [cmTC_97ab8] Error 1
make[1]: Leaving directory '/home/alireza/UT/mahsan/packet-detector-pcap/build/CMakeFiles/CMakeTmp'
Makefile:126: recipe for target 'cmTC_97ab8/fast' failed
make: *** [cmTC_97ab8/fast] Error 2

File /home/alireza/UT/mahsan/packet-detector-pcap/build/CMakeFiles/CMakeTmp/CheckSymbolExists.c:
/* */
#include <pthread.h>

int main(int argc, char** argv)
{
  (void)argv;
#ifndef pthread_create
  return ((int*)(&pthread_create))[argc];
#else
  (void)argc;
  return 0;
#endif
}

Determining if the function pthread_create exists in the pthreads failed with the following output:
Change Dir: /home/alireza/UT/mahsan/packet-detector-pcap/build/CMakeFiles/CMakeTmp

Run Build Command:"/usr/bin/make" "cmTC_fe38f/fast"
/usr/bin/make -f CMakeFiles/cmTC_fe38f.dir/build.make CMakeFiles/cmTC_fe38f.dir/build
make[1]: Entering directory '/home/alireza/UT/mahsan/packet-detector-pcap/build/CMakeFiles/CMakeTmp'
Building C object CMakeFiles/cmTC_fe38f.dir/CheckFunctionExists.c.o
/usr/bin/cc   -DCHECK_FUNCTION_EXISTS=pthread_create   -o CMakeFiles/cmTC_fe38f.dir/CheckFunctionExists.c.o   -c /usr/share/cmake-3.10/Modules/CheckFunctionExists.c
Linking C executable cmTC_fe38f
/usr/bin/cmake -E cmake_link_script CMakeFiles/cmTC_fe38f.dir/link.txt --verbose=1
/usr/bin/cc  -DCHECK_FUNCTION_EXISTS=pthread_create    CMakeFiles/cmTC_fe38f.dir/CheckFunctionExists.c.o  -o cmTC_fe38f -lpthreads 
/usr/bin/ld: cannot find -lpthreads
collect2: error: ld returned 1 exit status
CMakeFiles/cmTC_fe38f.dir/build.make:97: recipe for target 'cmTC_fe38f' failed
make[1]: *** [cmTC_fe38f] Error 1
make[1]: Leaving directory '/home/alireza/UT/mahsan/packet-detector-pcap/build/CMakeFiles/CMakeTmp'
Makefile:126: recipe for target 'cmTC_fe38f/fast' failed
make: *** [cmTC_fe38f/fast] Error 2


